2025-09-06T12:57:51: 🚀 Server running on port 3001
2025-09-06T12:57:51: 🌐 Accessible from any network interface
2025-09-06T12:57:51: 📱 React Native app can connect from any device on the network
2025-09-06T12:57:51: ✅ Server updated for original school management schema
2025-09-06T12:58:39: Connected to MongoDB Atlas
2025-09-06T12:59:11: Connected to MongoDB Atlas
2025-09-06T12:59:12: Connected to MongoDB Atlas
2025-09-06T12:59:12: Connected to MongoDB Atlas
2025-09-06T12:59:12: Connected to MongoDB Atlas
2025-09-06T12:59:12: Connected to MongoDB Atlas
2025-09-06T12:59:12: Connected to MongoDB Atlas
2025-09-06T12:59:12: Connected to MongoDB Atlas
2025-09-06T12:59:24: Connected to MongoDB Atlas
2025-09-06T12:59:32: Connected to MongoDB Atlas
2025-09-06T13:14:10: 🚀 Server running on port 3001
2025-09-06T13:14:10: 🌐 Accessible from any network interface
2025-09-06T13:14:10: 📱 React Native app can connect from any device on the network
2025-09-06T13:14:10: ✅ Server updated for original school management schema
2025-09-06T13:14:31: Connected to MongoDB Atlas
2025-09-06T13:17:21: Connected to MongoDB Atlas
2025-09-06T13:17:22: Connected to MongoDB Atlas
2025-09-06T13:17:22: Connected to MongoDB Atlas
2025-09-06T13:17:22: Connected to MongoDB Atlas
2025-09-06T13:17:22: Connected to MongoDB Atlas
2025-09-06T13:17:22: Connected to MongoDB Atlas
2025-09-06T13:17:22: Connected to MongoDB Atlas
2025-09-06T13:19:34: Connected to MongoDB Atlas
2025-09-06T13:19:35: Connected to MongoDB Atlas
2025-09-06T13:19:35: Connected to MongoDB Atlas
2025-09-06T13:19:35: Connected to MongoDB Atlas
2025-09-06T13:19:35: Connected to MongoDB Atlas
2025-09-06T13:19:35: Connected to MongoDB Atlas
2025-09-06T13:19:35: Connected to MongoDB Atlas
2025-09-06T13:19:46: Connected to MongoDB Atlas
2025-09-06T13:19:50: Connected to MongoDB Atlas
2025-09-06T13:20:00: Connected to MongoDB Atlas
2025-09-06T13:20:02: Connected to MongoDB Atlas
2025-09-06T13:20:04: Connected to MongoDB Atlas
2025-09-06T13:22:35: Connected to MongoDB Atlas
2025-09-06T13:22:35: Connected to MongoDB Atlas
2025-09-06T13:22:35: Connected to MongoDB Atlas
2025-09-06T13:22:35: Connected to MongoDB Atlas
2025-09-06T13:22:35: Connected to MongoDB Atlas
2025-09-06T13:22:35: Connected to MongoDB Atlas
2025-09-06T13:22:35: Connected to MongoDB Atlas
2025-09-06T13:26:07: Connected to MongoDB Atlas
2025-09-06T13:26:08: Connected to MongoDB Atlas
2025-09-06T13:26:08: Connected to MongoDB Atlas
2025-09-06T13:26:08: Connected to MongoDB Atlas
2025-09-06T13:26:08: Connected to MongoDB Atlas
2025-09-06T13:26:08: Connected to MongoDB Atlas
2025-09-06T13:26:08: Connected to MongoDB Atlas
2025-09-06T14:12:57: 🚀 Server running on port 3001
2025-09-06T14:12:57: 🌐 Accessible from any network interface
2025-09-06T14:12:57: 📱 React Native app can connect from any device on the network
2025-09-06T14:12:57: ✅ Server updated for original school management schema
2025-09-08T16:50:55: 🚀 Server running on port 3001
2025-09-08T16:50:55: 🌐 Accessible from any network interface
2025-09-08T16:50:55: 📱 React Native app can connect from any device on the network
2025-09-08T16:50:55: ✅ Server updated for original school management schema
